# JRE version: OpenJDK Runtime Environment (11.0.10) (build 11.0.10+0-b96-7249189)
# Java VM: OpenJDK 64-Bit Server VM (11.0.10+0-b96-7249189, mixed mode, tiered, compressed oops, g1 gc, windows-amd64)
Heap:
 garbage-first heap   total 273408K, used 143900K [0x00000000a0000000, 0x0000000100000000)
  region size 1024K, 29 young (29696K), 6 survivors (6144K)
 Metaspace       used 116155K, capacity 119159K, committed 119296K, reserved 1153024K
  class space    used 14425K, capacity 15516K, committed 15616K, reserved 1048576K
GC Heap History (20 events):
Event: 159.640 GC heap before
{Heap before GC invocations=71 (full 0):
 garbage-first heap   total 227328K, used 177664K [0x00000000a0000000, 0x0000000100000000)
  region size 1024K, 72 young (73728K), 1 survivors (1024K)
 Metaspace       used 115345K, capacity 118260K, committed 118400K, reserved 1153024K
  class space    used 14358K, capacity 15420K, committed 15488K, reserved 1048576K
}
Event: 159.649 GC heap after
{Heap after GC invocations=72 (full 0):
 garbage-first heap   total 227328K, used 105976K [0x00000000a0000000, 0x0000000100000000)
  region size 1024K, 2 young (2048K), 2 survivors (2048K)
 Metaspace       used 115345K, capacity 118260K, committed 118400K, reserved 1153024K
  class space    used 14358K, capacity 15420K, committed 15488K, reserved 1048576K
}
Event: 160.262 GC heap before
{Heap before GC invocations=72 (full 0):
 garbage-first heap   total 227328K, used 179704K [0x00000000a0000000, 0x0000000100000000)
  region size 1024K, 74 young (75776K), 2 survivors (2048K)
 Metaspace       used 115391K, capacity 118331K, committed 118400K, reserved 1153024K
  class space    used 14362K, capacity 15421K, committed 15488K, reserved 1048576K
}
Event: 160.268 GC heap after
{Heap after GC invocations=73 (full 0):
 garbage-first heap   total 227328K, used 105679K [0x00000000a0000000, 0x0000000100000000)
  region size 1024K, 2 young (2048K), 2 survivors (2048K)
 Metaspace       used 115391K, capacity 118331K, committed 118400K, reserved 1153024K
  class space    used 14362K, capacity 15421K, committed 15488K, reserved 1048576K
}
Event: 160.960 GC heap before
{Heap before GC invocations=73 (full 0):
 garbage-first heap   total 227328K, used 181455K [0x00000000a0000000, 0x0000000100000000)
  region size 1024K, 76 young (77824K), 2 survivors (2048K)
 Metaspace       used 115410K, capacity 118334K, committed 118400K, reserved 1153024K
  class space    used 14362K, capacity 15422K, committed 15488K, reserved 1048576K
}
Event: 160.969 GC heap after
{Heap after GC invocations=74 (full 0):
 garbage-first heap   total 227328K, used 107585K [0x00000000a0000000, 0x0000000100000000)
  region size 1024K, 4 young (4096K), 4 survivors (4096K)
 Metaspace       used 115410K, capacity 118334K, committed 118400K, reserved 1153024K
  class space    used 14362K, capacity 15422K, committed 15488K, reserved 1048576K
}
Event: 161.532 GC heap before
{Heap before GC invocations=74 (full 0):
 garbage-first heap   total 227328K, used 185409K [0x00000000a0000000, 0x0000000100000000)
  region size 1024K, 80 young (81920K), 4 survivors (4096K)
 Metaspace       used 115441K, capacity 118337K, committed 118656K, reserved 1153024K
  class space    used 14365K, capacity 15423K, committed 15488K, reserved 1048576K
}
Event: 161.543 GC heap after
{Heap after GC invocations=75 (full 0):
 garbage-first heap   total 227328K, used 108027K [0x00000000a0000000, 0x0000000100000000)
  region size 1024K, 4 young (4096K), 4 survivors (4096K)
 Metaspace       used 115441K, capacity 118337K, committed 118656K, reserved 1153024K
  class space    used 14365K, capacity 15423K, committed 15488K, reserved 1048576K
}
Event: 162.112 GC heap before
{Heap before GC invocations=75 (full 0):
 garbage-first heap   total 227328K, used 188923K [0x00000000a0000000, 0x0000000100000000)
  region size 1024K, 83 young (84992K), 4 survivors (4096K)
 Metaspace       used 115458K, capacity 118403K, committed 118656K, reserved 1153024K
  class space    used 14365K, capacity 15423K, committed 15488K, reserved 1048576K
}
Event: 162.122 GC heap after
{Heap after GC invocations=76 (full 0):
 garbage-first heap   total 227328K, used 108167K [0x00000000a0000000, 0x0000000100000000)
  region size 1024K, 4 young (4096K), 4 survivors (4096K)
 Metaspace       used 115458K, capacity 118403K, committed 118656K, reserved 1153024K
  class space    used 14365K, capacity 15423K, committed 15488K, reserved 1048576K
}
Event: 162.707 GC heap before
{Heap before GC invocations=76 (full 0):
 garbage-first heap   total 227328K, used 189063K [0x00000000a0000000, 0x0000000100000000)
  region size 1024K, 83 young (84992K), 4 survivors (4096K)
 Metaspace       used 115490K, capacity 118413K, committed 118656K, reserved 1153024K
  class space    used 14368K, capacity 15426K, committed 15488K, reserved 1048576K
}
Event: 162.722 GC heap after
{Heap after GC invocations=77 (full 0):
 garbage-first heap   total 227328K, used 108367K [0x00000000a0000000, 0x0000000100000000)
  region size 1024K, 4 young (4096K), 4 survivors (4096K)
 Metaspace       used 115490K, capacity 118413K, committed 118656K, reserved 1153024K
  class space    used 14368K, capacity 15426K, committed 15488K, reserved 1048576K
}
Event: 163.489 GC heap before
{Heap before GC invocations=77 (full 0):
 garbage-first heap   total 227328K, used 190287K [0x00000000a0000000, 0x0000000100000000)
  region size 1024K, 84 young (86016K), 4 survivors (4096K)
 Metaspace       used 115824K, capacity 118788K, committed 119040K, reserved 1153024K
  class space    used 14417K, capacity 15504K, committed 15616K, reserved 1048576K
}
Event: 163.503 GC heap after
{Heap after GC invocations=78 (full 0):
 garbage-first heap   total 227328K, used 108916K [0x00000000a0000000, 0x0000000100000000)
  region size 1024K, 5 young (5120K), 5 survivors (5120K)
 Metaspace       used 115824K, capacity 118788K, committed 119040K, reserved 1153024K
  class space    used 14417K, capacity 15504K, committed 15616K, reserved 1048576K
}
Event: 164.384 GC heap before
{Heap before GC invocations=78 (full 0):
 garbage-first heap   total 227328K, used 190836K [0x00000000a0000000, 0x0000000100000000)
  region size 1024K, 85 young (87040K), 5 survivors (5120K)
 Metaspace       used 115999K, capacity 118981K, committed 119296K, reserved 1153024K
  class space    used 14424K, capacity 15515K, committed 15616K, reserved 1048576K
}
Event: 164.402 GC heap after
{Heap after GC invocations=79 (full 0):
 garbage-first heap   total 227328K, used 114410K [0x00000000a0000000, 0x0000000100000000)
  region size 1024K, 10 young (10240K), 10 survivors (10240K)
 Metaspace       used 115999K, capacity 118981K, committed 119296K, reserved 1153024K
  class space    used 14424K, capacity 15515K, committed 15616K, reserved 1048576K
}
Event: 165.134 GC heap before
{Heap before GC invocations=79 (full 0):
 garbage-first heap   total 227328K, used 191210K [0x00000000a0000000, 0x0000000100000000)
  region size 1024K, 85 young (87040K), 10 survivors (10240K)
 Metaspace       used 116130K, capacity 119087K, committed 119296K, reserved 1153024K
  class space    used 14424K, capacity 15515K, committed 15616K, reserved 1048576K
}
Event: 165.157 GC heap after
{Heap after GC invocations=80 (full 0):
 garbage-first heap   total 227328K, used 118509K [0x00000000a0000000, 0x0000000100000000)
  region size 1024K, 8 young (8192K), 8 survivors (8192K)
 Metaspace       used 116130K, capacity 119087K, committed 119296K, reserved 1153024K
  class space    used 14424K, capacity 15515K, committed 15616K, reserved 1048576K
}
Event: 165.600 GC heap before
{Heap before GC invocations=80 (full 0):
 garbage-first heap   total 227328K, used 188141K [0x00000000a0000000, 0x0000000100000000)
  region size 1024K, 77 young (78848K), 8 survivors (8192K)
 Metaspace       used 116149K, capacity 119152K, committed 119296K, reserved 1153024K
  class space    used 14424K, capacity 15515K, committed 15616K, reserved 1048576K
}
Event: 165.678 GC heap after
{Heap after GC invocations=81 (full 0):
 garbage-first heap   total 273408K, used 121372K [0x00000000a0000000, 0x0000000100000000)
  region size 1024K, 6 young (6144K), 6 survivors (6144K)
 Metaspace       used 116149K, capacity 119152K, committed 119296K, reserved 1153024K
  class space    used 14424K, capacity 15515K, committed 15616K, reserved 1048576K
}

